INFO 2023-05-06 15:38:42 autoreload 4776 20100 Watching for file changes with StatReloader
INFO 2023-05-06 15:38:49 basehttp 4776 8060 "GET /admin/userApp/knowledgeuser/ HTTP/1.1" 200 10358
INFO 2023-05-06 15:38:51 basehttp 4776 8060 "GET /admin/knowledgeMap/collections/ HTTP/1.1" 200 16310
INFO 2023-05-06 15:38:51 basehttp 4776 8060 "GET /admin/jsi18n/ HTTP/1.1" 200 8376
INFO 2023-05-06 15:38:56 basehttp 4776 8060 "GET /admin/admin/logentry/ HTTP/1.1" 200 13832
INFO 2023-05-06 15:38:56 basehttp 4776 8060 "GET /admin/jsi18n/ HTTP/1.1" 200 8376
INFO 2023-05-06 15:38:57 basehttp 4776 8060 "GET /static/admin/img/sorting-icons.svg HTTP/1.1" 200 1097
INFO 2023-05-06 16:42:05 autoreload 12780 10408 Watching for file changes with StatReloader
WARNING 2023-05-06 16:42:06 log 12780 4368 Not Found: /
WARNING 2023-05-06 16:42:06 basehttp 12780 4368 "GET / HTTP/1.1" 404 179
WARNING 2023-05-06 16:42:06 log 12780 4368 Not Found: /favicon.ico
WARNING 2023-05-06 16:42:06 basehttp 12780 4368 "GET /favicon.ico HTTP/1.1" 404 179
INFO 2023-05-06 16:42:13 basehttp 12780 4368 "GET /admin/ HTTP/1.1" 302 0
INFO 2023-05-06 16:42:14 basehttp 12780 4368 "GET /admin/login/?next=/admin/ HTTP/1.1" 200 2216
WARNING 2023-05-06 16:44:33 log 629696 140131106612992 Not Found: /static/admin/css/dashboard.css
WARNING 2023-05-06 16:44:33 log 629696 140131106612992 Not Found: /static/admin/css/dark_mode.css
WARNING 2023-05-06 16:44:33 log 629696 140131143132992 Not Found: /static/admin/css/nav_sidebar.css
WARNING 2023-05-06 16:44:33 log 629696 140131106612992 Not Found: /static/admin/css/base.css
WARNING 2023-05-06 16:44:33 log 629696 140131143132992 Not Found: /static/admin/css/responsive.css
WARNING 2023-05-06 16:44:33 log 629696 140131106612992 Not Found: /static/admin/js/nav_sidebar.js
WARNING 2023-05-06 16:44:35 log 629696 140131143132992 Not Found: /static/admin/css/dashboard.css
WARNING 2023-05-06 16:44:35 log 629696 140131143132992 Not Found: /static/admin/css/nav_sidebar.css
WARNING 2023-05-06 16:44:35 log 629696 140131106612992 Not Found: /static/admin/css/dark_mode.css
WARNING 2023-05-06 16:44:35 log 629696 140131143132992 Not Found: /static/admin/css/base.css
WARNING 2023-05-06 16:44:35 log 629696 140131106612992 Not Found: /static/admin/css/responsive.css
WARNING 2023-05-06 16:44:35 log 629696 140131143132992 Not Found: /static/admin/js/nav_sidebar.js
WARNING 2023-05-06 16:44:38 log 629696 140131143132992 Not Found: /static/admin/css/base.css
WARNING 2023-05-06 16:44:38 log 629696 140131143132992 Not Found: /static/admin/css/nav_sidebar.css
WARNING 2023-05-06 16:44:38 log 629696 140131143132992 Not Found: /static/admin/css/dark_mode.css
WARNING 2023-05-06 16:44:38 log 629696 140131106612992 Not Found: /static/admin/css/dashboard.css
WARNING 2023-05-06 16:44:38 log 629696 140131143132992 Not Found: /static/admin/css/responsive.css
WARNING 2023-05-06 16:44:38 log 629696 140131106612992 Not Found: /static/admin/js/nav_sidebar.js
WARNING 2023-05-06 16:45:51 log 629735 140426018129728 Not Found: /static/admin/css/dark_mode.css
WARNING 2023-05-06 16:45:52 log 629735 140426018129728 Not Found: /favicon.ico
WARNING 2023-05-06 16:46:03 log 629735 140425981609728 Not Found: /static/admin/css/dark_mode.css
WARNING 2023-05-06 16:46:07 log 629735 140425981609728 Not Found: /static/admin/css/dark_mode.css
WARNING 2023-05-06 16:46:08 log 629735 140425981609728 Not Found: /static/admin/js/filters.js
WARNING 2023-05-06 16:46:10 log 629735 140425981609728 Not Found: /static/admin/css/dark_mode.css
WARNING 2023-05-06 16:46:10 log 629735 140426018129728 Not Found: /static/admin/js/filters.js
WARNING 2023-05-06 16:46:11 log 629735 140426018129728 Not Found: /static/admin/css/dark_mode.css
WARNING 2023-05-06 16:46:11 log 629735 140425981609728 Not Found: /static/admin/js/filters.js
WARNING 2023-05-06 16:46:13 log 629735 140426018129728 Not Found: /static/admin/css/dark_mode.css
WARNING 2023-05-06 16:46:13 log 629735 140425981609728 Not Found: /static/admin/js/filters.js
WARNING 2023-05-06 16:49:14 log 629735 140425981609728 Not Found: /static/admin/css/dark_mode.css
WARNING 2023-05-06 16:49:14 log 629735 140425981609728 Not Found: /favicon.ico
WARNING 2023-05-06 16:49:20 log 629735 140426018129728 Not Found: /static/admin/css/dark_mode.css
WARNING 2023-05-06 16:52:23 log 629735 140426018129728 Not Found: /static/admin/css/dark_mode.css
WARNING 2023-05-06 16:52:27 log 629735 140426018129728 Not Found: /static/admin/css/dark_mode.css
WARNING 2023-05-06 19:39:35 log 629735 140426018129728 Not Found: /
WARNING 2023-05-06 20:11:08 log 629735 140426018129728 Not Found: /
WARNING 2023-05-06 20:11:18 log 629735 140426018129728 Not Found: /api/islogged
WARNING 2023-05-06 21:14:33 log 629735 140425981609728 Not Found: /
WARNING 2023-05-06 21:14:38 log 629735 140425981609728 Not Found: /
ERROR 2023-05-06 21:14:39 exception 629735 140426018129728 Invalid HTTP_HOST header: 'linsblog.site:8000'. You may need to add 'linsblog.site' to ALLOWED_HOSTS.
Traceback (most recent call last):
  File "/usr/local/lib/python3.8/dist-packages/django/core/handlers/exception.py", line 55, in inner
    response = get_response(request)
  File "/usr/local/lib/python3.8/dist-packages/django/utils/deprecation.py", line 135, in __call__
    response = self.process_request(request)
  File "/usr/local/lib/python3.8/dist-packages/django/middleware/common.py", line 48, in process_request
    host = request.get_host()
  File "/usr/local/lib/python3.8/dist-packages/django/http/request.py", line 148, in get_host
    raise DisallowedHost(msg)
django.core.exceptions.DisallowedHost: Invalid HTTP_HOST header: 'linsblog.site:8000'. You may need to add 'linsblog.site' to ALLOWED_HOSTS.
WARNING 2023-05-06 21:14:39 log 629735 140426018129728 Bad Request: /
ERROR 2023-05-06 21:14:40 exception 629735 140426018129728 Invalid HTTP_HOST header: 'www.linsblog.site:8000'. You may need to add 'www.linsblog.site' to ALLOWED_HOSTS.
Traceback (most recent call last):
  File "/usr/local/lib/python3.8/dist-packages/django/core/handlers/exception.py", line 55, in inner
    response = get_response(request)
  File "/usr/local/lib/python3.8/dist-packages/django/utils/deprecation.py", line 135, in __call__
    response = self.process_request(request)
  File "/usr/local/lib/python3.8/dist-packages/django/middleware/common.py", line 48, in process_request
    host = request.get_host()
  File "/usr/local/lib/python3.8/dist-packages/django/http/request.py", line 148, in get_host
    raise DisallowedHost(msg)
django.core.exceptions.DisallowedHost: Invalid HTTP_HOST header: 'www.linsblog.site:8000'. You may need to add 'www.linsblog.site' to ALLOWED_HOSTS.
WARNING 2023-05-06 21:14:40 log 629735 140426018129728 Bad Request: /
ERROR 2023-05-06 22:00:36 exception 629735 140425981609728 Invalid HTTP_HOST header: 'hecs-198466:8000'. You may need to add 'hecs-198466' to ALLOWED_HOSTS.
Traceback (most recent call last):
  File "/usr/local/lib/python3.8/dist-packages/django/core/handlers/exception.py", line 55, in inner
    response = get_response(request)
  File "/usr/local/lib/python3.8/dist-packages/django/utils/deprecation.py", line 135, in __call__
    response = self.process_request(request)
  File "/usr/local/lib/python3.8/dist-packages/django/middleware/common.py", line 48, in process_request
    host = request.get_host()
  File "/usr/local/lib/python3.8/dist-packages/django/http/request.py", line 148, in get_host
    raise DisallowedHost(msg)
django.core.exceptions.DisallowedHost: Invalid HTTP_HOST header: 'hecs-198466:8000'. You may need to add 'hecs-198466' to ALLOWED_HOSTS.
WARNING 2023-05-06 22:00:36 log 629735 140425981609728 Bad Request: /
ERROR 2023-05-06 22:00:39 exception 629735 140425981609728 Invalid HTTP_HOST header: 'hecs-198466:8000'. You may need to add 'hecs-198466' to ALLOWED_HOSTS.
Traceback (most recent call last):
  File "/usr/local/lib/python3.8/dist-packages/django/core/handlers/exception.py", line 55, in inner
    response = get_response(request)
  File "/usr/local/lib/python3.8/dist-packages/django/utils/deprecation.py", line 135, in __call__
    response = self.process_request(request)
  File "/usr/local/lib/python3.8/dist-packages/django/middleware/common.py", line 48, in process_request
    host = request.get_host()
  File "/usr/local/lib/python3.8/dist-packages/django/http/request.py", line 148, in get_host
    raise DisallowedHost(msg)
django.core.exceptions.DisallowedHost: Invalid HTTP_HOST header: 'hecs-198466:8000'. You may need to add 'hecs-198466' to ALLOWED_HOSTS.
WARNING 2023-05-06 22:00:39 log 629735 140425981609728 Bad Request: /nice ports,/Trinity.txt.bak
ERROR 2023-05-06 22:00:48 exception 629735 140426018129728 Invalid HTTP_HOST header: 'hecs-198466:8000'. You may need to add 'hecs-198466' to ALLOWED_HOSTS.
Traceback (most recent call last):
  File "/usr/local/lib/python3.8/dist-packages/django/core/handlers/exception.py", line 55, in inner
    response = get_response(request)
  File "/usr/local/lib/python3.8/dist-packages/django/utils/deprecation.py", line 135, in __call__
    response = self.process_request(request)
  File "/usr/local/lib/python3.8/dist-packages/django/middleware/common.py", line 48, in process_request
    host = request.get_host()
  File "/usr/local/lib/python3.8/dist-packages/django/http/request.py", line 148, in get_host
    raise DisallowedHost(msg)
django.core.exceptions.DisallowedHost: Invalid HTTP_HOST header: 'hecs-198466:8000'. You may need to add 'hecs-198466' to ALLOWED_HOSTS.
WARNING 2023-05-06 22:00:48 log 629735 140426018129728 Bad Request: /
ERROR 2023-05-06 22:00:48 exception 629735 140425981609728 Invalid HTTP_HOST header: 'hecs-198466:8000'. You may need to add 'hecs-198466' to ALLOWED_HOSTS.
Traceback (most recent call last):
  File "/usr/local/lib/python3.8/dist-packages/django/core/handlers/exception.py", line 55, in inner
    response = get_response(request)
  File "/usr/local/lib/python3.8/dist-packages/django/utils/deprecation.py", line 135, in __call__
    response = self.process_request(request)
  File "/usr/local/lib/python3.8/dist-packages/django/middleware/common.py", line 48, in process_request
    host = request.get_host()
  File "/usr/local/lib/python3.8/dist-packages/django/http/request.py", line 148, in get_host
    raise DisallowedHost(msg)
django.core.exceptions.DisallowedHost: Invalid HTTP_HOST header: 'hecs-198466:8000'. You may need to add 'hecs-198466' to ALLOWED_HOSTS.
WARNING 2023-05-06 22:00:48 log 629735 140425981609728 Bad Request: /
ERROR 2023-05-06 22:00:49 exception 629735 140425981609728 Invalid HTTP_HOST header: 'hecs-198466:8000'. You may need to add 'hecs-198466' to ALLOWED_HOSTS.
Traceback (most recent call last):
  File "/usr/local/lib/python3.8/dist-packages/django/core/handlers/exception.py", line 55, in inner
    response = get_response(request)
  File "/usr/local/lib/python3.8/dist-packages/django/utils/deprecation.py", line 135, in __call__
    response = self.process_request(request)
  File "/usr/local/lib/python3.8/dist-packages/django/middleware/common.py", line 48, in process_request
    host = request.get_host()
  File "/usr/local/lib/python3.8/dist-packages/django/http/request.py", line 148, in get_host
    raise DisallowedHost(msg)
django.core.exceptions.DisallowedHost: Invalid HTTP_HOST header: 'hecs-198466:8000'. You may need to add 'hecs-198466' to ALLOWED_HOSTS.
WARNING 2023-05-06 22:00:49 log 629735 140425981609728 Bad Request: /sip:nm
WARNING 2023-05-06 23:12:05 log 629735 140426018129728 Not Found: /
WARNING 2023-05-06 23:12:05 log 629735 140425981609728 Not Found: /favicon.ico
WARNING 2023-05-06 23:12:05 log 629735 140425981609728 Not Found: /sitemap.xml
WARNING 2023-05-06 23:12:05 log 629735 140426018129728 Not Found: /robots.txt
ERROR 2023-05-07 05:14:38 exception 629735 140425981609728 Invalid HTTP_HOST header: 'passport.baidu.com:80'. You may need to add 'passport.baidu.com' to ALLOWED_HOSTS.
Traceback (most recent call last):
  File "/usr/local/lib/python3.8/dist-packages/django/core/handlers/exception.py", line 55, in inner
    response = get_response(request)
  File "/usr/local/lib/python3.8/dist-packages/django/utils/deprecation.py", line 135, in __call__
    response = self.process_request(request)
  File "/usr/local/lib/python3.8/dist-packages/django/middleware/common.py", line 48, in process_request
    host = request.get_host()
  File "/usr/local/lib/python3.8/dist-packages/django/http/request.py", line 148, in get_host
    raise DisallowedHost(msg)
django.core.exceptions.DisallowedHost: Invalid HTTP_HOST header: 'passport.baidu.com:80'. You may need to add 'passport.baidu.com' to ALLOWED_HOSTS.
WARNING 2023-05-07 05:14:38 log 629735 140425981609728 Bad Request: /http:/passport.baidu.com/
WARNING 2023-05-07 08:24:11 log 629735 140426018129728 Not Found: /
ERROR 2023-05-07 08:24:24 exception 629735 140425981609728 Invalid HTTP_HOST header: 'api.ipify.org'. You may need to add 'api.ipify.org' to ALLOWED_HOSTS.
Traceback (most recent call last):
  File "/usr/local/lib/python3.8/dist-packages/django/core/handlers/exception.py", line 55, in inner
    response = get_response(request)
  File "/usr/local/lib/python3.8/dist-packages/django/utils/deprecation.py", line 135, in __call__
    response = self.process_request(request)
  File "/usr/local/lib/python3.8/dist-packages/django/middleware/common.py", line 48, in process_request
    host = request.get_host()
  File "/usr/local/lib/python3.8/dist-packages/django/http/request.py", line 148, in get_host
    raise DisallowedHost(msg)
django.core.exceptions.DisallowedHost: Invalid HTTP_HOST header: 'api.ipify.org'. You may need to add 'api.ipify.org' to ALLOWED_HOSTS.
WARNING 2023-05-07 08:24:24 log 629735 140425981609728 Bad Request: /http:/api.ipify.org/
ERROR 2023-05-07 08:24:27 exception 629735 140426018129728 Invalid HTTP_HOST header: 'www.shadowserver.org'. You may need to add 'www.shadowserver.org' to ALLOWED_HOSTS.
Traceback (most recent call last):
  File "/usr/local/lib/python3.8/dist-packages/django/core/handlers/exception.py", line 55, in inner
    response = get_response(request)
  File "/usr/local/lib/python3.8/dist-packages/django/utils/deprecation.py", line 135, in __call__
    response = self.process_request(request)
  File "/usr/local/lib/python3.8/dist-packages/django/middleware/common.py", line 48, in process_request
    host = request.get_host()
  File "/usr/local/lib/python3.8/dist-packages/django/http/request.py", line 148, in get_host
    raise DisallowedHost(msg)
django.core.exceptions.DisallowedHost: Invalid HTTP_HOST header: 'www.shadowserver.org'. You may need to add 'www.shadowserver.org' to ALLOWED_HOSTS.
WARNING 2023-05-07 08:24:27 log 629735 140426018129728 Bad Request: /www.shadowserver.org:443
WARNING 2023-05-07 11:08:42 log 629735 140425981609728 Not Found: /
WARNING 2023-05-07 11:08:42 log 629735 140426018129728 Not Found: /
WARNING 2023-05-07 11:08:42 log 629735 140426018129728 Not Found: /version
WARNING 2023-05-07 11:08:43 log 629735 140425981609728 Not Found: /.vscode/sftp.json
WARNING 2023-05-07 11:08:43 log 629735 140426018129728 Not Found: /about
WARNING 2023-05-07 11:08:44 log 629735 140425981609728 Not Found: /debug/default/view
WARNING 2023-05-07 11:08:44 log 629735 140426018129728 Not Found: /v2/_catalog
WARNING 2023-05-07 11:08:45 log 629735 140426018129728 Not Found: /ecp/Current/exporttool/microsoft.exchange.ediscovery.exporttool.application
WARNING 2023-05-07 11:08:45 log 629735 140425981609728 Not Found: /server-status
WARNING 2023-05-07 11:08:46 log 629735 140425981609728 Not Found: /login.action
WARNING 2023-05-07 11:08:46 log 629735 140426018129728 Not Found: /_all_dbs
WARNING 2023-05-07 11:08:46 log 629735 140426018129728 Not Found: /.DS_Store
WARNING 2023-05-07 11:08:47 log 629735 140425981609728 Not Found: /.env
WARNING 2023-05-07 11:08:47 log 629735 140426018129728 Not Found: /.git/config
WARNING 2023-05-07 11:08:48 log 629735 140425981609728 Not Found: /s/337313e26343e2631313e2431313/_/;/META-INF/maven/com.atlassian.jira/jira-webapp-dist/pom.properties
WARNING 2023-05-07 11:08:48 log 629735 140426018129728 Not Found: /config.json
WARNING 2023-05-07 11:08:49 log 629735 140425981609728 Not Found: /telescope/requests
WARNING 2023-05-07 11:08:49 log 629735 140426018129728 Not Found: /
WARNING 2023-05-07 12:06:06 log 629735 140425981609728 Not Found: /
WARNING 2023-05-07 12:24:57 log 629735 140426018129728 Not Found: /
INFO 2023-05-07 15:43:46 autoreload 10420 9500 Watching for file changes with StatReloader
INFO 2023-05-07 15:51:09 autoreload 19724 19732 Watching for file changes with StatReloader
INFO 2023-05-07 15:51:35 autoreload 18036 19380 Watching for file changes with StatReloader
INFO 2023-05-07 16:06:47 autoreload 8532 2152 Watching for file changes with StatReloader
WARNING 2023-05-07 16:06:50 log 8532 20580 Not Found: /
WARNING 2023-05-07 16:06:50 basehttp 8532 20580 "GET / HTTP/1.1" 404 2297
WARNING 2023-05-07 16:06:50 log 8532 20580 Not Found: /favicon.ico
WARNING 2023-05-07 16:06:50 basehttp 8532 20580 "GET /favicon.ico HTTP/1.1" 404 2348
INFO 2023-05-07 16:07:00 basehttp 8532 20580 "GET /examine/media/1.png HTTP/1.1" 200 25551
INFO 2023-05-07 16:08:52 autoreload 19072 11092 Watching for file changes with StatReloader
WARNING 2023-05-07 16:09:09 log 19072 300 Not Found: /
WARNING 2023-05-07 16:09:09 basehttp 19072 300 "GET / HTTP/1.1" 404 2297
WARNING 2023-05-07 16:09:09 log 19072 300 Not Found: /favicon.ico
WARNING 2023-05-07 16:09:09 basehttp 19072 300 "GET /favicon.ico HTTP/1.1" 404 2348
INFO 2023-05-07 16:09:38 basehttp 19072 300 "GET /examine/list HTTP/1.1" 301 0
ERROR 2023-05-07 16:09:38 log 19072 300 Internal Server Error: /examine/list/
Traceback (most recent call last):
  File "C:\Users\16218\AppData\Local\Programs\Python\Python39\lib\site-packages\django\core\handlers\exception.py", line 47, in inner
    response = get_response(request)
  File "C:\Users\16218\AppData\Local\Programs\Python\Python39\lib\site-packages\django\core\handlers\base.py", line 181, in _get_response
    response = wrapped_callback(request, *callback_args, **callback_kwargs)
  File "D:\pycharm\SoftwareEngieering\ManagementBackend\examine\views.py", line 10, in examine_list
    return render(request, "examine_list.html", {'comments': comments, 'comment_num': len(comments)})
  File "C:\Users\16218\AppData\Local\Programs\Python\Python39\lib\site-packages\django\shortcuts.py", line 19, in render
    content = loader.render_to_string(template_name, context, request, using=using)
  File "C:\Users\16218\AppData\Local\Programs\Python\Python39\lib\site-packages\django\template\loader.py", line 61, in render_to_string
    template = get_template(template_name, using=using)
  File "C:\Users\16218\AppData\Local\Programs\Python\Python39\lib\site-packages\django\template\loader.py", line 19, in get_template
    raise TemplateDoesNotExist(template_name, chain=chain)
django.template.exceptions.TemplateDoesNotExist: examine_list.html
ERROR 2023-05-07 16:09:38 basehttp 19072 300 "GET /examine/list/ HTTP/1.1" 500 87117
INFO 2023-05-07 16:10:08 basehttp 19072 300 "GET /examine/list/ HTTP/1.1" 200 3152
WARNING 2023-05-07 16:10:08 log 19072 300 Not Found: /media/1.jpg
WARNING 2023-05-07 16:10:08 basehttp 19072 300 "GET /media/1.jpg HTTP/1.1" 404 2348
INFO 2023-05-07 16:11:38 autoreload 19072 11092 D:\pycharm\SoftwareEngieering\ManagementBackend\ManagementBackend\urls.py changed, reloading.
INFO 2023-05-07 16:11:38 autoreload 20884 20916 Watching for file changes with StatReloader
INFO 2023-05-07 16:11:43 basehttp 20884 3228 "GET /examine/list/ HTTP/1.1" 200 3152
WARNING 2023-05-07 16:11:43 log 20884 3228 Not Found: /media/1.jpg
WARNING 2023-05-07 16:11:43 basehttp 20884 3228 "GET /media/1.jpg HTTP/1.1" 404 2567
WARNING 2023-05-07 16:12:00 log 20884 3228 Not Found: /media/1.jpg
WARNING 2023-05-07 16:12:00 basehttp 20884 3228 "GET /media/1.jpg HTTP/1.1" 404 2567
INFO 2023-05-07 16:12:42 autoreload 20884 20916 D:\pycharm\SoftwareEngieering\ManagementBackend\ManagementBackend\urls.py changed, reloading.
INFO 2023-05-07 16:12:42 autoreload 20300 21476 Watching for file changes with StatReloader
WARNING 2023-05-07 16:12:56 log 20300 5196 Not Found: /examine/media/1.jpg
WARNING 2023-05-07 16:12:56 basehttp 20300 5196 "GET /examine/media/1.jpg HTTP/1.1" 404 3022
INFO 2023-05-07 16:14:10 autoreload 20300 21476 D:\pycharm\SoftwareEngieering\ManagementBackend\ManagementBackend\settings.py changed, reloading.
INFO 2023-05-07 16:14:11 autoreload 19576 20232 Watching for file changes with StatReloader
WARNING 2023-05-07 16:14:13 log 19576 20792 Not Found: /examine/media/1.jpg
WARNING 2023-05-07 16:14:13 basehttp 19576 20792 "GET /examine/media/1.jpg HTTP/1.1" 404 3022
INFO 2023-05-07 16:14:29 basehttp 19576 20792 "GET /examine/media/1.png HTTP/1.1" 304 0
INFO 2023-05-07 16:14:45 basehttp 19576 20792 "GET /examine/list/ HTTP/1.1" 200 3152
INFO 2023-05-07 16:14:45 basehttp 19576 20792 "GET /media/1.png HTTP/1.1" 200 25551
INFO 2023-05-07 16:14:58 autoreload 19576 20232 D:\pycharm\SoftwareEngieering\ManagementBackend\examine\urls.py changed, reloading.
INFO 2023-05-07 16:14:58 autoreload 18036 19948 Watching for file changes with StatReloader
INFO 2023-05-07 16:14:59 basehttp 18036 3604 "GET /examine/list/ HTTP/1.1" 200 3152
INFO 2023-05-07 16:15:06 autoreload 18036 19948 D:\pycharm\SoftwareEngieering\ManagementBackend\examine\urls.py changed, reloading.
INFO 2023-05-07 16:15:06 autoreload 3084 1092 Watching for file changes with StatReloader
INFO 2023-05-07 16:15:09 basehttp 3084 11612 "GET /examine/accept/?comment_id=1 HTTP/1.1" 302 0
INFO 2023-05-07 16:15:09 basehttp 3084 11612 "GET /examine/list/ HTTP/1.1" 200 1969
ERROR 2023-05-07 16:15:36 log 3084 11612 Internal Server Error: /examine/list/
Traceback (most recent call last):
  File "C:\Users\16218\AppData\Local\Programs\Python\Python39\lib\site-packages\django\template\base.py", line 470, in parse
    compile_func = self.tags[command]
KeyError: 'empty'

During handling of the above exception, another exception occurred:

Traceback (most recent call last):
  File "C:\Users\16218\AppData\Local\Programs\Python\Python39\lib\site-packages\django\core\handlers\exception.py", line 47, in inner
    response = get_response(request)
  File "C:\Users\16218\AppData\Local\Programs\Python\Python39\lib\site-packages\django\core\handlers\base.py", line 181, in _get_response
    response = wrapped_callback(request, *callback_args, **callback_kwargs)
  File "D:\pycharm\SoftwareEngieering\ManagementBackend\examine\views.py", line 10, in examine_list
    return render(request, "examine_list.html", {'comments': comments, 'comment_num': len(comments)})
  File "C:\Users\16218\AppData\Local\Programs\Python\Python39\lib\site-packages\django\shortcuts.py", line 19, in render
    content = loader.render_to_string(template_name, context, request, using=using)
  File "C:\Users\16218\AppData\Local\Programs\Python\Python39\lib\site-packages\django\template\loader.py", line 61, in render_to_string
    template = get_template(template_name, using=using)
  File "C:\Users\16218\AppData\Local\Programs\Python\Python39\lib\site-packages\django\template\loader.py", line 15, in get_template
    return engine.get_template(template_name)
  File "C:\Users\16218\AppData\Local\Programs\Python\Python39\lib\site-packages\django\template\backends\django.py", line 34, in get_template
    return Template(self.engine.get_template(template_name), self)
  File "C:\Users\16218\AppData\Local\Programs\Python\Python39\lib\site-packages\django\template\engine.py", line 143, in get_template
    template, origin = self.find_template(template_name)
  File "C:\Users\16218\AppData\Local\Programs\Python\Python39\lib\site-packages\django\template\engine.py", line 125, in find_template
    template = loader.get_template(name, skip=skip)
  File "C:\Users\16218\AppData\Local\Programs\Python\Python39\lib\site-packages\django\template\loaders\base.py", line 29, in get_template
    return Template(
  File "C:\Users\16218\AppData\Local\Programs\Python\Python39\lib\site-packages\django\template\base.py", line 155, in __init__
    self.nodelist = self.compile_nodelist()
  File "C:\Users\16218\AppData\Local\Programs\Python\Python39\lib\site-packages\django\template\base.py", line 193, in compile_nodelist
    return parser.parse()
  File "C:\Users\16218\AppData\Local\Programs\Python\Python39\lib\site-packages\django\template\base.py", line 478, in parse
    raise self.error(token, e)
  File "C:\Users\16218\AppData\Local\Programs\Python\Python39\lib\site-packages\django\template\base.py", line 476, in parse
    compiled_result = compile_func(self, token)
  File "C:\Users\16218\AppData\Local\Programs\Python\Python39\lib\site-packages\django\template\defaulttags.py", line 965, in do_if
    nodelist = parser.parse(('elif', 'else', 'endif'))
  File "C:\Users\16218\AppData\Local\Programs\Python\Python39\lib\site-packages\django\template\base.py", line 472, in parse
    self.invalid_block_tag(token, command, parse_until)
  File "C:\Users\16218\AppData\Local\Programs\Python\Python39\lib\site-packages\django\template\base.py", line 522, in invalid_block_tag
    raise self.error(
django.template.exceptions.TemplateSyntaxError: Invalid block tag on line 117: 'empty', expected 'elif'£¬'else' or 'endif'. Did you forget to register or load this tag?
ERROR 2023-05-07 16:15:36 basehttp 3084 11612 "GET /examine/list/ HTTP/1.1" 500 159429
INFO 2023-05-07 16:15:52 basehttp 3084 11612 "GET /examine/list/ HTTP/1.1" 200 1969
ERROR 2023-05-07 16:17:51 log 3084 11612 Internal Server Error: /examine/list/
Traceback (most recent call last):
  File "C:\Users\16218\AppData\Local\Programs\Python\Python39\lib\site-packages\django\template\base.py", line 470, in parse
    compile_func = self.tags[command]
KeyError: 'endif'

During handling of the above exception, another exception occurred:

Traceback (most recent call last):
  File "C:\Users\16218\AppData\Local\Programs\Python\Python39\lib\site-packages\django\core\handlers\exception.py", line 47, in inner
    response = get_response(request)
  File "C:\Users\16218\AppData\Local\Programs\Python\Python39\lib\site-packages\django\core\handlers\base.py", line 181, in _get_response
    response = wrapped_callback(request, *callback_args, **callback_kwargs)
  File "D:\pycharm\SoftwareEngieering\ManagementBackend\examine\views.py", line 10, in examine_list
    return render(request, "examine_list.html", {'comments': comments, 'comment_num': len(comments)})
  File "C:\Users\16218\AppData\Local\Programs\Python\Python39\lib\site-packages\django\shortcuts.py", line 19, in render
    content = loader.render_to_string(template_name, context, request, using=using)
  File "C:\Users\16218\AppData\Local\Programs\Python\Python39\lib\site-packages\django\template\loader.py", line 61, in render_to_string
    template = get_template(template_name, using=using)
  File "C:\Users\16218\AppData\Local\Programs\Python\Python39\lib\site-packages\django\template\loader.py", line 15, in get_template
    return engine.get_template(template_name)
  File "C:\Users\16218\AppData\Local\Programs\Python\Python39\lib\site-packages\django\template\backends\django.py", line 34, in get_template
    return Template(self.engine.get_template(template_name), self)
  File "C:\Users\16218\AppData\Local\Programs\Python\Python39\lib\site-packages\django\template\engine.py", line 143, in get_template
    template, origin = self.find_template(template_name)
  File "C:\Users\16218\AppData\Local\Programs\Python\Python39\lib\site-packages\django\template\engine.py", line 125, in find_template
    template = loader.get_template(name, skip=skip)
  File "C:\Users\16218\AppData\Local\Programs\Python\Python39\lib\site-packages\django\template\loaders\base.py", line 29, in get_template
    return Template(
  File "C:\Users\16218\AppData\Local\Programs\Python\Python39\lib\site-packages\django\template\base.py", line 155, in __init__
    self.nodelist = self.compile_nodelist()
  File "C:\Users\16218\AppData\Local\Programs\Python\Python39\lib\site-packages\django\template\base.py", line 193, in compile_nodelist
    return parser.parse()
  File "C:\Users\16218\AppData\Local\Programs\Python\Python39\lib\site-packages\django\template\base.py", line 472, in parse
    self.invalid_block_tag(token, command, parse_until)
  File "C:\Users\16218\AppData\Local\Programs\Python\Python39\lib\site-packages\django\template\base.py", line 531, in invalid_block_tag
    raise self.error(
django.template.exceptions.TemplateSyntaxError: Invalid block tag on line 121: 'endif'. Did you forget to register or load this tag?
ERROR 2023-05-07 16:17:51 basehttp 3084 11612 "GET /examine/list/ HTTP/1.1" 500 143038
INFO 2023-05-07 16:18:00 basehttp 3084 11612 "GET /examine/list/ HTTP/1.1" 200 2198
INFO 2023-05-07 16:21:11 autoreload 20288 19552 Watching for file changes with StatReloader
ERROR 2023-05-07 16:21:15 exception 20288 17536 Invalid HTTP_HOST header: '127.0.0.1:8000'. You may need to add '127.0.0.1' to ALLOWED_HOSTS.
WARNING 2023-05-07 16:21:15 log 20288 17536 Bad Request: /
WARNING 2023-05-07 16:21:15 basehttp 20288 17536 "GET / HTTP/1.1" 400 143
ERROR 2023-05-07 16:21:31 exception 20288 9692 Invalid HTTP_HOST header: '127.0.0.1:8000'. You may need to add '127.0.0.1' to ALLOWED_HOSTS.
WARNING 2023-05-07 16:21:31 log 20288 9692 Bad Request: /examine/list/
WARNING 2023-05-07 16:21:31 basehttp 20288 9692 "GET /examine/list/ HTTP/1.1" 400 143
ERROR 2023-05-07 16:21:45 exception 20288 16344 Invalid HTTP_HOST header: '127.0.0.1:8000'. You may need to add '127.0.0.1' to ALLOWED_HOSTS.
WARNING 2023-05-07 16:21:45 log 20288 16344 Bad Request: /examine/list/
WARNING 2023-05-07 16:21:45 basehttp 20288 16344 "GET /examine/list/ HTTP/1.1" 400 143
INFO 2023-05-07 16:22:10 autoreload 20288 19552 D:\pycharm\SoftwareEngieering\ManagementBackend\ManagementBackend\settings.py changed, reloading.
INFO 2023-05-07 16:22:22 autoreload 19516 5544 Watching for file changes with StatReloader
INFO 2023-05-07 16:22:25 basehttp 19516 20032 "GET /examine/list/ HTTP/1.1" 200 2197
INFO 2023-05-07 16:23:16 autoreload 19848 3044 Watching for file changes with StatReloader
INFO 2023-05-07 16:25:57 autoreload 2168 19332 Watching for file changes with StatReloader
WARNING 2023-05-07 16:25:59 log 2168 21356 Not Found: /
WARNING 2023-05-07 16:25:59 basehttp 2168 21356 "GET / HTTP/1.1" 404 179
WARNING 2023-05-07 16:25:59 log 2168 21356 Not Found: /favicon.ico
WARNING 2023-05-07 16:25:59 basehttp 2168 21356 "GET /favicon.ico HTTP/1.1" 404 179
INFO 2023-05-07 16:26:02 basehttp 2168 21356 "GET /admin/ HTTP/1.1" 302 0
INFO 2023-05-07 16:26:02 basehttp 2168 21356 "GET /admin/login/?next=/admin/ HTTP/1.1" 200 2216
INFO 2023-05-07 16:26:03 basehttp 2168 20884 "GET /static/admin/css/login.css HTTP/1.1" 200 939
INFO 2023-05-07 16:26:03 basehttp 2168 19768 "GET /static/admin/js/nav_sidebar.js HTTP/1.1" 200 1360
INFO 2023-05-07 16:26:03 basehttp 2168 21224 "GET /static/admin/css/responsive.css HTTP/1.1" 200 18545
INFO 2023-05-07 16:26:03 basehttp 2168 21356 "GET /static/admin/css/base.css HTTP/1.1" 200 19513
INFO 2023-05-07 16:26:03 basehttp 2168 2176 "GET /static/admin/css/nav_sidebar.css HTTP/1.1" 200 2271
INFO 2023-05-07 16:26:03 basehttp 2168 2176 "GET /admin/ HTTP/1.1" 302 0
INFO 2023-05-07 16:26:03 basehttp 2168 2176 "GET /admin/login/?next=/admin/ HTTP/1.1" 200 2216
INFO 2023-05-07 16:26:03 basehttp 2168 2176 "GET /static/admin/css/fonts.css HTTP/1.1" 200 423
INFO 2023-05-07 16:26:03 basehttp 2168 2176 "GET /static/admin/fonts/Roboto-Regular-webfont.woff HTTP/1.1" 200 85876
INFO 2023-05-07 16:26:03 basehttp 2168 21356 "GET /static/admin/fonts/Roboto-Light-webfont.woff HTTP/1.1" 200 85692
INFO 2023-05-07 16:37:05 autoreload 2168 19332 D:\pycharm\SoftwareEngieering\ManagementBackend\examine\views.py changed, reloading.
INFO 2023-05-07 16:37:06 autoreload 19116 7560 Watching for file changes with StatReloader
INFO 2023-05-07 16:40:05 autoreload 19116 7560 D:\pycharm\SoftwareEngieering\ManagementBackend\examine\views.py changed, reloading.
INFO 2023-05-07 16:40:05 autoreload 14260 21456 Watching for file changes with StatReloader
INFO 2023-05-07 16:41:59 autoreload 304 21196 Watching for file changes with StatReloader
INFO 2023-05-07 16:46:17 autoreload 20836 4224 Watching for file changes with StatReloader
WARNING 2023-05-07 16:46:52 log 20836 9708 Not Found: /
WARNING 2023-05-07 16:46:52 basehttp 20836 9708 "GET / HTTP/1.1" 404 179
WARNING 2023-05-07 16:46:52 log 20836 9708 Not Found: /favicon.ico
WARNING 2023-05-07 16:46:52 basehttp 20836 9708 "GET /favicon.ico HTTP/1.1" 404 179
INFO 2023-05-07 16:46:59 basehttp 20836 9708 "GET /examine/list/ HTTP/1.1" 200 3148
INFO 2023-05-07 16:46:59 basehttp 20836 9708 "GET /media/1.png HTTP/1.1" 304 0
ERROR 2023-05-07 16:47:02 log 20836 9708 Internal Server Error: /examine/reject/
Traceback (most recent call last):
  File "C:\Users\16218\AppData\Local\Programs\Python\Python39\lib\site-packages\django\core\handlers\exception.py", line 47, in inner
    response = get_response(request)
  File "C:\Users\16218\AppData\Local\Programs\Python\Python39\lib\site-packages\django\core\handlers\base.py", line 181, in _get_response
    response = wrapped_callback(request, *callback_args, **callback_kwargs)
  File "D:\pycharm\SoftwareEngieering\ManagementBackend\examine\views.py", line 15, in reject_op
    user = models.LibraryUser.using('default').get(id=comment.user_id)
AttributeError: type object 'LibraryUser' has no attribute 'using'
ERROR 2023-05-07 16:47:02 basehttp 20836 9708 "GET /examine/reject/?comment_id=1 HTTP/1.1" 500 145
INFO 2023-05-07 16:47:28 autoreload 20836 4224 D:\pycharm\SoftwareEngieering\ManagementBackend\examine\views.py changed, reloading.
INFO 2023-05-07 16:47:28 autoreload 2168 14068 Watching for file changes with StatReloader
INFO 2023-05-07 16:47:32 basehttp 2168 9380 "GET /examine/list/ HTTP/1.1" 200 3148
ERROR 2023-05-07 16:47:34 log 2168 9380 Internal Server Error: /examine/reject/
Traceback (most recent call last):
  File "C:\Users\16218\AppData\Local\Programs\Python\Python39\lib\site-packages\django\db\backends\utils.py", line 84, in _execute
    return self.cursor.execute(sql, params)
  File "C:\Users\16218\AppData\Local\Programs\Python\Python39\lib\site-packages\django\db\backends\mysql\base.py", line 73, in execute
    return self.cursor.execute(query, args)
  File "C:\Users\16218\AppData\Local\Programs\Python\Python39\lib\site-packages\MySQLdb\cursors.py", line 206, in execute
    res = self._query(query)
  File "C:\Users\16218\AppData\Local\Programs\Python\Python39\lib\site-packages\MySQLdb\cursors.py", line 319, in _query
    db.query(q)
  File "C:\Users\16218\AppData\Local\Programs\Python\Python39\lib\site-packages\MySQLdb\connections.py", line 259, in query
    _mysql.connection.query(self, query)
MySQLdb._exceptions.ProgrammingError: (1146, "Table 'software_engineering.examine_libraryuser' doesn't exist")

The above exception was the direct cause of the following exception:

Traceback (most recent call last):
  File "C:\Users\16218\AppData\Local\Programs\Python\Python39\lib\site-packages\django\core\handlers\exception.py", line 47, in inner
    response = get_response(request)
  File "C:\Users\16218\AppData\Local\Programs\Python\Python39\lib\site-packages\django\core\handlers\base.py", line 181, in _get_response
    response = wrapped_callback(request, *callback_args, **callback_kwargs)
  File "D:\pycharm\SoftwareEngieering\ManagementBackend\examine\views.py", line 15, in reject_op
    user = models.LibraryUser.objects.using('default').get(id=comment.user_id)
  File "C:\Users\16218\AppData\Local\Programs\Python\Python39\lib\site-packages\django\db\models\query.py", line 431, in get
    num = len(clone)
  File "C:\Users\16218\AppData\Local\Programs\Python\Python39\lib\site-packages\django\db\models\query.py", line 262, in __len__
    self._fetch_all()
  File "C:\Users\16218\AppData\Local\Programs\Python\Python39\lib\site-packages\django\db\models\query.py", line 1324, in _fetch_all
    self._result_cache = list(self._iterable_class(self))
  File "C:\Users\16218\AppData\Local\Programs\Python\Python39\lib\site-packages\django\db\models\query.py", line 51, in __iter__
    results = compiler.execute_sql(chunked_fetch=self.chunked_fetch, chunk_size=self.chunk_size)
  File "C:\Users\16218\AppData\Local\Programs\Python\Python39\lib\site-packages\django\db\models\sql\compiler.py", line 1169, in execute_sql
    cursor.execute(sql, params)
  File "C:\Users\16218\AppData\Local\Programs\Python\Python39\lib\site-packages\django\db\backends\utils.py", line 66, in execute
    return self._execute_with_wrappers(sql, params, many=False, executor=self._execute)
  File "C:\Users\16218\AppData\Local\Programs\Python\Python39\lib\site-packages\django\db\backends\utils.py", line 75, in _execute_with_wrappers
    return executor(sql, params, many, context)
  File "C:\Users\16218\AppData\Local\Programs\Python\Python39\lib\site-packages\django\db\backends\utils.py", line 84, in _execute
    return self.cursor.execute(sql, params)
  File "C:\Users\16218\AppData\Local\Programs\Python\Python39\lib\site-packages\django\db\utils.py", line 90, in __exit__
    raise dj_exc_value.with_traceback(traceback) from exc_value
  File "C:\Users\16218\AppData\Local\Programs\Python\Python39\lib\site-packages\django\db\backends\utils.py", line 84, in _execute
    return self.cursor.execute(sql, params)
  File "C:\Users\16218\AppData\Local\Programs\Python\Python39\lib\site-packages\django\db\backends\mysql\base.py", line 73, in execute
    return self.cursor.execute(query, args)
  File "C:\Users\16218\AppData\Local\Programs\Python\Python39\lib\site-packages\MySQLdb\cursors.py", line 206, in execute
    res = self._query(query)
  File "C:\Users\16218\AppData\Local\Programs\Python\Python39\lib\site-packages\MySQLdb\cursors.py", line 319, in _query
    db.query(q)
  File "C:\Users\16218\AppData\Local\Programs\Python\Python39\lib\site-packages\MySQLdb\connections.py", line 259, in query
    _mysql.connection.query(self, query)
django.db.utils.ProgrammingError: (1146, "Table 'software_engineering.examine_libraryuser' doesn't exist")
ERROR 2023-05-07 16:47:34 basehttp 2168 9380 "GET /examine/reject/?comment_id=1 HTTP/1.1" 500 145
INFO 2023-05-07 16:52:25 autoreload 2168 14068 D:\pycharm\SoftwareEngieering\ManagementBackend\examine\views.py changed, reloading.
INFO 2023-05-07 16:52:25 autoreload 20944 20740 Watching for file changes with StatReloader
INFO 2023-05-07 16:52:49 autoreload 20944 20740 D:\pycharm\SoftwareEngieering\ManagementBackend\examine\views.py changed, reloading.
INFO 2023-05-07 16:52:50 autoreload 21428 18912 Watching for file changes with StatReloader
INFO 2023-05-07 16:52:58 autoreload 21428 18912 D:\pycharm\SoftwareEngieering\ManagementBackend\examine\views.py changed, reloading.
INFO 2023-05-07 16:52:59 autoreload 19016 19552 Watching for file changes with StatReloader
INFO 2023-05-07 17:00:55 autoreload 19016 19552 D:\pycharm\SoftwareEngieering\ManagementBackend\examine\views.py changed, reloading.
INFO 2023-05-07 17:00:55 autoreload 19912 3924 Watching for file changes with StatReloader
ERROR 2023-05-07 17:01:24 log 19912 18708 Internal Server Error: /examine/list/
Traceback (most recent call last):
  File "C:\Users\16218\AppData\Local\Programs\Python\Python39\lib\site-packages\django\core\handlers\exception.py", line 47, in inner
    response = get_response(request)
  File "C:\Users\16218\AppData\Local\Programs\Python\Python39\lib\site-packages\django\core\handlers\base.py", line 181, in _get_response
    response = wrapped_callback(request, *callback_args, **callback_kwargs)
  File "D:\pycharm\SoftwareEngieering\ManagementBackend\examine\views.py", line 8, in examine_list
    comments = models.Comments.objects.filter(is_finished=False)
AttributeError: module 'django.db.models' has no attribute 'Comments'
ERROR 2023-05-07 17:01:24 basehttp 19912 18708 "GET /examine/list/ HTTP/1.1" 500 145
ERROR 2023-05-07 17:01:28 log 19912 18708 Internal Server Error: /examine/list/
Traceback (most recent call last):
  File "C:\Users\16218\AppData\Local\Programs\Python\Python39\lib\site-packages\django\core\handlers\exception.py", line 47, in inner
    response = get_response(request)
  File "C:\Users\16218\AppData\Local\Programs\Python\Python39\lib\site-packages\django\core\handlers\base.py", line 181, in _get_response
    response = wrapped_callback(request, *callback_args, **callback_kwargs)
  File "D:\pycharm\SoftwareEngieering\ManagementBackend\examine\views.py", line 8, in examine_list
    comments = models.Comments.objects.filter(is_finished=False)
AttributeError: module 'django.db.models' has no attribute 'Comments'
ERROR 2023-05-07 17:01:28 basehttp 19912 18708 "GET /examine/list/ HTTP/1.1" 500 145
INFO 2023-05-07 17:02:00 autoreload 19912 3924 D:\pycharm\SoftwareEngieering\ManagementBackend\examine\views.py changed, reloading.
INFO 2023-05-07 17:02:01 autoreload 11160 3984 Watching for file changes with StatReloader
INFO 2023-05-07 17:02:03 basehttp 11160 5828 "GET /examine/list/ HTTP/1.1" 200 3148
INFO 2023-05-07 17:02:03 basehttp 11160 5828 "GET /media/1.png HTTP/1.1" 304 0
INFO 2023-05-07 17:02:06 basehttp 11160 5828 "GET /examine/reject/?comment_id=1 HTTP/1.1" 302 0
INFO 2023-05-07 17:02:06 basehttp 11160 5828 "GET /examine/list/ HTTP/1.1" 200 2197
INFO 2023-05-07 17:02:39 autoreload 11160 3984 D:\pycharm\SoftwareEngieering\ManagementBackend\examine\models.py changed, reloading.
INFO 2023-05-07 17:04:29 autoreload 1016 20268 Watching for file changes with StatReloader
INFO 2023-05-07 17:04:33 basehttp 1016 17688 "GET /examine/list/ HTTP/1.1" 200 3148
INFO 2023-05-07 17:04:37 basehttp 1016 17688 "GET /examine/reject/?comment_id=1 HTTP/1.1" 302 0
INFO 2023-05-07 17:04:37 basehttp 1016 17688 "GET /examine/list/ HTTP/1.1" 200 2197
INFO 2023-05-07 17:08:43 basehttp 1016 17688 "GET /examine/list/ HTTP/1.1" 200 5898
INFO 2023-05-07 17:08:43 basehttp 1016 17688 "GET /media/1.png HTTP/1.1" 304 0
INFO 2023-05-07 17:09:01 basehttp 1016 17688 "GET /examine/reject/?comment_id=1 HTTP/1.1" 302 0
INFO 2023-05-07 17:09:01 basehttp 1016 17688 "GET /examine/list/ HTTP/1.1" 200 4883
INFO 2023-05-07 17:09:42 autoreload 1016 20268 D:\pycharm\SoftwareEngieering\ManagementBackend\examine\views.py changed, reloading.
INFO 2023-05-07 17:09:42 autoreload 18876 8356 Watching for file changes with StatReloader
INFO 2023-05-07 17:10:20 autoreload 18876 8356 D:\pycharm\SoftwareEngieering\ManagementBackend\examine\views.py changed, reloading.
INFO 2023-05-07 17:10:21 autoreload 12604 10792 Watching for file changes with StatReloader
ERROR 2023-05-07 17:10:25 log 12604 11112 Internal Server Error: /examine/reject/
Traceback (most recent call last):
  File "C:\Users\16218\AppData\Local\Programs\Python\Python39\lib\site-packages\django\core\handlers\exception.py", line 47, in inner
    response = get_response(request)
  File "C:\Users\16218\AppData\Local\Programs\Python\Python39\lib\site-packages\django\core\handlers\base.py", line 181, in _get_response
    response = wrapped_callback(request, *callback_args, **callback_kwargs)
  File "D:\pycharm\SoftwareEngieering\ManagementBackend\examine\views.py", line 18, in reject_op
    print(user.comment)
AttributeError: 'LibraryUser' object has no attribute 'comment'
ERROR 2023-05-07 17:10:25 basehttp 12604 11112 "GET /examine/reject/?comment_id=2 HTTP/1.1" 500 145
INFO 2023-05-07 17:10:36 autoreload 12604 10792 D:\pycharm\SoftwareEngieering\ManagementBackend\examine\views.py changed, reloading.
INFO 2023-05-07 17:10:36 autoreload 12872 7396 Watching for file changes with StatReloader
INFO 2023-05-07 17:10:39 basehttp 12872 21336 "GET /examine/reject/?comment_id=2 HTTP/1.1" 302 0
INFO 2023-05-07 17:10:40 basehttp 12872 21336 "GET /examine/list/ HTTP/1.1" 200 3966
INFO 2023-05-07 17:11:20 basehttp 12872 21336 "GET /examine/reject/?comment_id=3 HTTP/1.1" 302 0
INFO 2023-05-07 17:11:21 basehttp 12872 21336 "GET /examine/list/ HTTP/1.1" 200 3049
INFO 2023-05-07 17:11:33 basehttp 12872 21336 "GET /examine/accept/?comment_id=4 HTTP/1.1" 302 0
INFO 2023-05-07 17:11:33 basehttp 12872 21336 "GET /examine/list/ HTTP/1.1" 200 2197
INFO 2023-05-10 12:53:28 autoreload 5172 20948 Watching for file changes with StatReloader
INFO 2023-05-10 12:54:32 basehttp 5172 19924 "POST /userApp/login/keyword=LibraryUser/ HTTP/1.1" 200 48
INFO 2023-05-10 12:55:40 autoreload 5172 20948 D:\pycharm\SoftwareEngieering\ManagementBackend\userApp\views.py changed, reloading.
INFO 2023-05-10 12:55:41 autoreload 10224 17636 Watching for file changes with StatReloader
INFO 2023-05-10 12:56:26 autoreload 10224 17636 D:\pycharm\SoftwareEngieering\ManagementBackend\userApp\views.py changed, reloading.
INFO 2023-05-10 12:56:26 autoreload 21328 14620 Watching for file changes with StatReloader
INFO 2023-05-10 12:56:30 basehttp 21328 20972 "POST /userApp/login/keyword=LibraryUser/ HTTP/1.1" 200 48
INFO 2023-05-10 12:56:46 basehttp 21328 20972 "POST /userApp/login/keyword=LibraryUser/?username=peter&password=123456 HTTP/1.1" 200 48
INFO 2023-05-10 12:57:36 basehttp 21328 20972 "POST /userApp/login/keyword=LibraryUser/ HTTP/1.1" 200 48
INFO 2023-05-10 13:00:25 basehttp 21328 20148 "POST /userApp/login/keyword=LibraryUser/ HTTP/1.1" 200 48
INFO 2023-05-10 13:01:39 basehttp 21328 20148 "POST /userApp/login/keyword=LibraryUser/ HTTP/1.1" 200 162
INFO 2023-05-23 09:25:57 autoreload 11956 6128 Watching for file changes with StatReloader
INFO 2023-05-23 09:58:58 autoreload 12292 1816 Watching for file changes with StatReloader
INFO 2023-05-23 10:02:28 autoreload 18292 20216 Watching for file changes with StatReloader
WARNING 2023-05-23 10:02:32 log 18292 11668 Not Found: /
WARNING 2023-05-23 10:02:32 basehttp 18292 11668 "GET / HTTP/1.1" 404 2422
WARNING 2023-05-23 10:02:32 log 18292 11668 Not Found: /favicon.ico
WARNING 2023-05-23 10:02:32 basehttp 18292 11668 "GET /favicon.ico HTTP/1.1" 404 2473
INFO 2023-05-23 10:02:40 basehttp 18292 11668 "GET /admin/ HTTP/1.1" 302 0
INFO 2023-05-23 10:02:40 basehttp 18292 11668 "GET /admin/login/?next=/admin/ HTTP/1.1" 200 2216
INFO 2023-05-23 10:02:40 basehttp 18292 11668 "GET /static/admin/css/base.css HTTP/1.1" 304 0
INFO 2023-05-23 10:02:40 basehttp 18292 20376 "GET /static/admin/css/nav_sidebar.css HTTP/1.1" 304 0
INFO 2023-05-23 10:02:40 basehttp 18292 3328 "GET /static/admin/css/login.css HTTP/1.1" 304 0
INFO 2023-05-23 10:02:40 basehttp 18292 19440 "GET /static/admin/css/responsive.css HTTP/1.1" 304 0
INFO 2023-05-23 10:02:40 basehttp 18292 4920 "GET /static/admin/js/nav_sidebar.js HTTP/1.1" 304 0
INFO 2023-05-23 10:02:40 basehttp 18292 4920 "GET /static/admin/css/fonts.css HTTP/1.1" 304 0
INFO 2023-05-23 10:02:40 basehttp 18292 4920 "GET /static/admin/fonts/Roboto-Regular-webfont.woff HTTP/1.1" 304 0
INFO 2023-05-23 10:02:40 basehttp 18292 19440 "GET /static/admin/fonts/Roboto-Light-webfont.woff HTTP/1.1" 304 0
INFO 2023-05-23 10:03:26 basehttp 18292 19440 "POST /admin/login/?next=/admin/ HTTP/1.1" 302 0
INFO 2023-05-23 10:03:26 basehttp 18292 19440 "GET /admin/ HTTP/1.1" 200 8912
INFO 2023-05-23 10:03:26 basehttp 18292 19440 "GET /static/admin/css/dashboard.css HTTP/1.1" 304 0
INFO 2023-05-23 10:03:26 basehttp 18292 19440 "GET /static/admin/img/icon-changelink.svg HTTP/1.1" 304 0
INFO 2023-05-23 10:03:26 basehttp 18292 4920 "GET /static/admin/img/icon-addlink.svg HTTP/1.1" 304 0
INFO 2023-05-23 10:03:26 basehttp 18292 4920 "GET /static/admin/fonts/Roboto-Bold-webfont.woff HTTP/1.1" 304 0
ERROR 2023-05-23 10:03:36 log 18292 4920 Internal Server Error: /admin/app/comments/
Traceback (most recent call last):
  File "C:\Users\16218\AppData\Local\Programs\Python\Python39\lib\site-packages\django\db\backends\utils.py", line 84, in _execute
    return self.cursor.execute(sql, params)
  File "C:\Users\16218\AppData\Local\Programs\Python\Python39\lib\site-packages\django\db\backends\mysql\base.py", line 73, in execute
    return self.cursor.execute(query, args)
  File "C:\Users\16218\AppData\Local\Programs\Python\Python39\lib\site-packages\MySQLdb\cursors.py", line 206, in execute
    res = self._query(query)
  File "C:\Users\16218\AppData\Local\Programs\Python\Python39\lib\site-packages\MySQLdb\cursors.py", line 319, in _query
    db.query(q)
  File "C:\Users\16218\AppData\Local\Programs\Python\Python39\lib\site-packages\MySQLdb\connections.py", line 259, in query
    _mysql.connection.query(self, query)
MySQLdb._exceptions.OperationalError: (1054, "Unknown column 'comments.id' in 'field list'")

The above exception was the direct cause of the following exception:

Traceback (most recent call last):
  File "C:\Users\16218\AppData\Local\Programs\Python\Python39\lib\site-packages\django\core\handlers\exception.py", line 47, in inner
    response = get_response(request)
  File "C:\Users\16218\AppData\Local\Programs\Python\Python39\lib\site-packages\django\core\handlers\base.py", line 181, in _get_response
    response = wrapped_callback(request, *callback_args, **callback_kwargs)
  File "C:\Users\16218\AppData\Local\Programs\Python\Python39\lib\site-packages\django\contrib\admin\options.py", line 616, in wrapper
    return self.admin_site.admin_view(view)(*args, **kwargs)
  File "C:\Users\16218\AppData\Local\Programs\Python\Python39\lib\site-packages\django\utils\decorators.py", line 130, in _wrapped_view
    response = view_func(request, *args, **kwargs)
  File "C:\Users\16218\AppData\Local\Programs\Python\Python39\lib\site-packages\django\views\decorators\cache.py", line 44, in _wrapped_view_func
    response = view_func(request, *args, **kwargs)
  File "C:\Users\16218\AppData\Local\Programs\Python\Python39\lib\site-packages\django\contrib\admin\sites.py", line 232, in inner
    return view(request, *args, **kwargs)
  File "C:\Users\16218\AppData\Local\Programs\Python\Python39\lib\site-packages\django\utils\decorators.py", line 43, in _wrapper
    return bound_method(*args, **kwargs)
  File "C:\Users\16218\AppData\Local\Programs\Python\Python39\lib\site-packages\django\utils\decorators.py", line 130, in _wrapped_view
    response = view_func(request, *args, **kwargs)
  File "C:\Users\16218\AppData\Local\Programs\Python\Python39\lib\site-packages\django\contrib\admin\options.py", line 1813, in changelist_view
    'selection_note': _('0 of %(cnt)s selected') % {'cnt': len(cl.result_list)},
  File "C:\Users\16218\AppData\Local\Programs\Python\Python39\lib\site-packages\django\db\models\query.py", line 262, in __len__
    self._fetch_all()
  File "C:\Users\16218\AppData\Local\Programs\Python\Python39\lib\site-packages\django\db\models\query.py", line 1324, in _fetch_all
    self._result_cache = list(self._iterable_class(self))
  File "C:\Users\16218\AppData\Local\Programs\Python\Python39\lib\site-packages\django\db\models\query.py", line 51, in __iter__
    results = compiler.execute_sql(chunked_fetch=self.chunked_fetch, chunk_size=self.chunk_size)
  File "C:\Users\16218\AppData\Local\Programs\Python\Python39\lib\site-packages\django\db\models\sql\compiler.py", line 1169, in execute_sql
    cursor.execute(sql, params)
  File "C:\Users\16218\AppData\Local\Programs\Python\Python39\lib\site-packages\django\db\backends\utils.py", line 98, in execute
    return super().execute(sql, params)
  File "C:\Users\16218\AppData\Local\Programs\Python\Python39\lib\site-packages\django\db\backends\utils.py", line 66, in execute
    return self._execute_with_wrappers(sql, params, many=False, executor=self._execute)
  File "C:\Users\16218\AppData\Local\Programs\Python\Python39\lib\site-packages\django\db\backends\utils.py", line 75, in _execute_with_wrappers
    return executor(sql, params, many, context)
  File "C:\Users\16218\AppData\Local\Programs\Python\Python39\lib\site-packages\django\db\backends\utils.py", line 84, in _execute
    return self.cursor.execute(sql, params)
  File "C:\Users\16218\AppData\Local\Programs\Python\Python39\lib\site-packages\django\db\utils.py", line 90, in __exit__
    raise dj_exc_value.with_traceback(traceback) from exc_value
  File "C:\Users\16218\AppData\Local\Programs\Python\Python39\lib\site-packages\django\db\backends\utils.py", line 84, in _execute
    return self.cursor.execute(sql, params)
  File "C:\Users\16218\AppData\Local\Programs\Python\Python39\lib\site-packages\django\db\backends\mysql\base.py", line 73, in execute
    return self.cursor.execute(query, args)
  File "C:\Users\16218\AppData\Local\Programs\Python\Python39\lib\site-packages\MySQLdb\cursors.py", line 206, in execute
    res = self._query(query)
  File "C:\Users\16218\AppData\Local\Programs\Python\Python39\lib\site-packages\MySQLdb\cursors.py", line 319, in _query
    db.query(q)
  File "C:\Users\16218\AppData\Local\Programs\Python\Python39\lib\site-packages\MySQLdb\connections.py", line 259, in query
    _mysql.connection.query(self, query)
django.db.utils.OperationalError: (1054, "Unknown column 'comments.id' in 'field list'")
ERROR 2023-05-23 10:03:36 basehttp 18292 4920 "GET /admin/app/comments/ HTTP/1.1" 500 191539
INFO 2023-05-23 10:06:59 autoreload 14300 6868 Watching for file changes with StatReloader
WARNING 2023-05-23 10:07:00 log 14300 284 Not Found: /
WARNING 2023-05-23 10:07:00 basehttp 14300 284 "GET / HTTP/1.1" 404 2422
INFO 2023-05-23 10:07:07 basehttp 14300 284 "GET /admin/ HTTP/1.1" 200 8079
INFO 2023-05-23 10:07:12 basehttp 14300 284 "GET /admin/app/wenwulikes/ HTTP/1.1" 200 11585
INFO 2023-05-23 10:07:12 basehttp 14300 284 "GET /static/admin/css/changelists.css HTTP/1.1" 304 0
INFO 2023-05-23 10:07:12 basehttp 14300 1592 "GET /static/admin/js/vendor/jquery/jquery.js HTTP/1.1" 304 0
INFO 2023-05-23 10:07:12 basehttp 14300 3076 "GET /static/admin/js/jquery.init.js HTTP/1.1" 304 0
INFO 2023-05-23 10:07:12 basehttp 14300 284 "GET /static/admin/js/actions.js HTTP/1.1" 304 0
INFO 2023-05-23 10:07:12 basehttp 14300 8824 "GET /static/admin/js/core.js HTTP/1.1" 304 0
INFO 2023-05-23 10:07:12 basehttp 14300 4548 "GET /static/admin/js/admin/RelatedObjectLookups.js HTTP/1.1" 304 0
INFO 2023-05-23 10:07:12 basehttp 14300 1592 "GET /static/admin/js/urlify.js HTTP/1.1" 304 0
INFO 2023-05-23 10:07:12 basehttp 14300 3076 "GET /static/admin/js/prepopulate.js HTTP/1.1" 304 0
INFO 2023-05-23 10:07:12 basehttp 14300 8824 "GET /static/admin/js/vendor/xregexp/xregexp.js HTTP/1.1" 304 0
INFO 2023-05-23 10:07:12 basehttp 14300 8824 "GET /static/admin/img/search.svg HTTP/1.1" 304 0
INFO 2023-05-23 10:07:13 basehttp 14300 11788 "GET /admin/jsi18n/ HTTP/1.1" 200 8376
INFO 2023-05-23 10:07:13 basehttp 14300 11788 "GET /static/admin/img/tooltag-add.svg HTTP/1.1" 304 0
INFO 2023-05-23 10:07:14 basehttp 14300 11788 "GET /admin/app/wenwu/ HTTP/1.1" 200 53402
INFO 2023-05-23 10:07:14 basehttp 14300 11788 "GET /admin/jsi18n/ HTTP/1.1" 200 8376
INFO 2023-05-23 10:07:17 basehttp 14300 11788 "GET /admin/web/culturalrelicsdata/ HTTP/1.1" 200 15848
INFO 2023-05-23 10:07:18 basehttp 14300 11788 "GET /admin/jsi18n/ HTTP/1.1" 200 8376
ERROR 2023-05-23 10:07:19 log 14300 11788 Internal Server Error: /admin/web/user/
Traceback (most recent call last):
  File "C:\Users\16218\AppData\Local\Programs\Python\Python39\lib\site-packages\django\db\backends\utils.py", line 84, in _execute
    return self.cursor.execute(sql, params)
  File "C:\Users\16218\AppData\Local\Programs\Python\Python39\lib\site-packages\django\db\backends\mysql\base.py", line 73, in execute
    return self.cursor.execute(query, args)
  File "C:\Users\16218\AppData\Local\Programs\Python\Python39\lib\site-packages\MySQLdb\cursors.py", line 206, in execute
    res = self._query(query)
  File "C:\Users\16218\AppData\Local\Programs\Python\Python39\lib\site-packages\MySQLdb\cursors.py", line 319, in _query
    db.query(q)
  File "C:\Users\16218\AppData\Local\Programs\Python\Python39\lib\site-packages\MySQLdb\connections.py", line 259, in query
    _mysql.connection.query(self, query)
MySQLdb._exceptions.OperationalError: (1054, "Unknown column 'user.id' in 'field list'")

The above exception was the direct cause of the following exception:

Traceback (most recent call last):
  File "C:\Users\16218\AppData\Local\Programs\Python\Python39\lib\site-packages\django\core\handlers\exception.py", line 47, in inner
    response = get_response(request)
  File "C:\Users\16218\AppData\Local\Programs\Python\Python39\lib\site-packages\django\core\handlers\base.py", line 181, in _get_response
    response = wrapped_callback(request, *callback_args, **callback_kwargs)
  File "C:\Users\16218\AppData\Local\Programs\Python\Python39\lib\site-packages\django\contrib\admin\options.py", line 616, in wrapper
    return self.admin_site.admin_view(view)(*args, **kwargs)
  File "C:\Users\16218\AppData\Local\Programs\Python\Python39\lib\site-packages\django\utils\decorators.py", line 130, in _wrapped_view
    response = view_func(request, *args, **kwargs)
  File "C:\Users\16218\AppData\Local\Programs\Python\Python39\lib\site-packages\django\views\decorators\cache.py", line 44, in _wrapped_view_func
    response = view_func(request, *args, **kwargs)
  File "C:\Users\16218\AppData\Local\Programs\Python\Python39\lib\site-packages\django\contrib\admin\sites.py", line 232, in inner
    return view(request, *args, **kwargs)
  File "C:\Users\16218\AppData\Local\Programs\Python\Python39\lib\site-packages\django\utils\decorators.py", line 43, in _wrapper
    return bound_method(*args, **kwargs)
  File "C:\Users\16218\AppData\Local\Programs\Python\Python39\lib\site-packages\django\utils\decorators.py", line 130, in _wrapped_view
    response = view_func(request, *args, **kwargs)
  File "C:\Users\16218\AppData\Local\Programs\Python\Python39\lib\site-packages\django\contrib\admin\options.py", line 1813, in changelist_view
    'selection_note': _('0 of %(cnt)s selected') % {'cnt': len(cl.result_list)},
  File "C:\Users\16218\AppData\Local\Programs\Python\Python39\lib\site-packages\django\db\models\query.py", line 262, in __len__
    self._fetch_all()
  File "C:\Users\16218\AppData\Local\Programs\Python\Python39\lib\site-packages\django\db\models\query.py", line 1324, in _fetch_all
    self._result_cache = list(self._iterable_class(self))
  File "C:\Users\16218\AppData\Local\Programs\Python\Python39\lib\site-packages\django\db\models\query.py", line 51, in __iter__
    results = compiler.execute_sql(chunked_fetch=self.chunked_fetch, chunk_size=self.chunk_size)
  File "C:\Users\16218\AppData\Local\Programs\Python\Python39\lib\site-packages\django\db\models\sql\compiler.py", line 1169, in execute_sql
    cursor.execute(sql, params)
  File "C:\Users\16218\AppData\Local\Programs\Python\Python39\lib\site-packages\django\db\backends\utils.py", line 98, in execute
    return super().execute(sql, params)
  File "C:\Users\16218\AppData\Local\Programs\Python\Python39\lib\site-packages\django\db\backends\utils.py", line 66, in execute
    return self._execute_with_wrappers(sql, params, many=False, executor=self._execute)
  File "C:\Users\16218\AppData\Local\Programs\Python\Python39\lib\site-packages\django\db\backends\utils.py", line 75, in _execute_with_wrappers
    return executor(sql, params, many, context)
  File "C:\Users\16218\AppData\Local\Programs\Python\Python39\lib\site-packages\django\db\backends\utils.py", line 84, in _execute
    return self.cursor.execute(sql, params)
  File "C:\Users\16218\AppData\Local\Programs\Python\Python39\lib\site-packages\django\db\utils.py", line 90, in __exit__
    raise dj_exc_value.with_traceback(traceback) from exc_value
  File "C:\Users\16218\AppData\Local\Programs\Python\Python39\lib\site-packages\django\db\backends\utils.py", line 84, in _execute
    return self.cursor.execute(sql, params)
  File "C:\Users\16218\AppData\Local\Programs\Python\Python39\lib\site-packages\django\db\backends\mysql\base.py", line 73, in execute
    return self.cursor.execute(query, args)
  File "C:\Users\16218\AppData\Local\Programs\Python\Python39\lib\site-packages\MySQLdb\cursors.py", line 206, in execute
    res = self._query(query)
  File "C:\Users\16218\AppData\Local\Programs\Python\Python39\lib\site-packages\MySQLdb\cursors.py", line 319, in _query
    db.query(q)
  File "C:\Users\16218\AppData\Local\Programs\Python\Python39\lib\site-packages\MySQLdb\connections.py", line 259, in query
    _mysql.connection.query(self, query)
django.db.utils.OperationalError: (1054, "Unknown column 'user.id' in 'field list'")
ERROR 2023-05-23 10:07:19 basehttp 14300 11788 "GET /admin/web/user/ HTTP/1.1" 500 192167
INFO 2023-05-23 10:07:56 autoreload 14300 6868 D:\pycharm\SoftwareEngieering\ManagementBackend\web\admin.py changed, reloading.
INFO 2023-05-23 10:07:57 autoreload 16228 9824 Watching for file changes with StatReloader
INFO 2023-05-23 10:08:00 basehttp 16228 2192 "GET /admin/web/culturalrelicsdata/ HTTP/1.1" 200 15569
INFO 2023-05-23 10:08:13 basehttp 16228 2192 "GET /admin/admin/logentry/ HTTP/1.1" 200 16257
INFO 2023-05-23 10:08:13 basehttp 16228 2192 "GET /admin/jsi18n/ HTTP/1.1" 200 8376
INFO 2023-05-23 10:08:13 basehttp 16228 2192 "GET /static/admin/img/sorting-icons.svg HTTP/1.1" 200 1097
INFO 2023-05-23 10:08:14 basehttp 16228 2192 "GET /admin/auth/user/ HTTP/1.1" 200 11696
INFO 2023-05-23 10:08:15 basehttp 16228 8700 "GET /static/admin/img/icon-yes.svg HTTP/1.1" 304 0
INFO 2023-05-23 10:08:15 basehttp 16228 2192 "GET /admin/jsi18n/ HTTP/1.1" 200 8376
INFO 2023-05-23 10:08:16 basehttp 16228 2192 "GET /admin/auth/group/ HTTP/1.1" 200 8146
INFO 2023-05-23 10:08:16 basehttp 16228 2192 "GET /admin/jsi18n/ HTTP/1.1" 200 8376
INFO 2023-05-23 10:08:19 basehttp 16228 2192 "GET /admin/knowledgeMap/collections/ HTTP/1.1" 200 17755
INFO 2023-05-23 10:08:19 basehttp 16228 2192 "GET /admin/jsi18n/ HTTP/1.1" 200 8376
INFO 2023-05-23 10:09:42 basehttp 16228 2192 "GET /examine/list/ HTTP/1.1" 200 4076
WARNING 2023-05-23 10:09:42 log 16228 2192 Not Found: /media/1.jpg
WARNING 2023-05-23 10:09:42 basehttp 16228 2192 "GET /media/1.jpg HTTP/1.1" 404 2567
INFO 2023-05-23 10:10:27 basehttp 16228 2192 "GET /examine/list/ HTTP/1.1" 200 4076
INFO 2023-05-23 10:10:27 basehttp 16228 2192 "GET /media/1.png HTTP/1.1" 304 0
